<?xml version="1.0" encoding="UTF-8"?>
<?xml-stylesheet type="text/xsl" href="ivy-report.xsl"?>
<ivy-report version="1.0">
	<info
		organisation="99scala"
		module="99scala_2.9.1"
		revision="1.0"
		conf="test-internal"
		confs="compile, runtime, test, provided, optional, compile-internal, runtime-internal, test-internal, plugin, sources, docs, pom"
		date="20121109173019"/>
	<dependencies>
		<module organisation="org.specs2" name="specs2_2.9.1">
			<revision name="1.12.2" status="release" pubdate="20121009102021" resolver="public" artresolver="public" homepage="http://specs2.org/" downloaded="false" searched="false" default="false" conf="default(compile), default, compile, runtime, master" position="1">
				<license name="MIT-style" url="http://www.opensource.org/licenses/mit-license.php"/>
				<metadata-artifact status="no" details="" size="3438" time="0" location="/Users/wickedwukong/.ivy2/cache/org.specs2/specs2_2.9.1/ivy-1.12.2.xml" searched="false" origin-is-local="false" origin-location="http://repo1.maven.org/maven2/org/specs2/specs2_2.9.1/1.12.2/specs2_2.9.1-1.12.2.pom"/>
				<caller organisation="99scala" name="99scala_2.9.1" conf="test-internal, test, optional, compile, provided, runtime" rev="1.12.2" rev-constraint-default="1.12.2" rev-constraint-dynamic="1.12.2" callerrev="1.0"/>
				<artifacts>
					<artifact name="specs2_2.9.1" type="jar" ext="jar" status="no" details="" size="6211693" time="0" location="/Users/wickedwukong/.ivy2/cache/org.specs2/specs2_2.9.1/jars/specs2_2.9.1-1.12.2.jar">
						<origin-location is-local="false" location="http://repo1.maven.org/maven2/org/specs2/specs2_2.9.1/1.12.2/specs2_2.9.1-1.12.2.jar"/>
					</artifact>
				</artifacts>
			</revision>
		</module>
		<module organisation="org.specs2" name="specs2-scalaz-core_2.9.1">
			<revision name="6.0.1" status="release" pubdate="20110831140958" resolver="public" artresolver="public" homepage="" downloaded="false" searched="false" default="false" conf="compile, master(*), runtime, compile(*), runtime(*), master" position="2">
				<metadata-artifact status="no" details="" size="2392" time="0" location="/Users/wickedwukong/.ivy2/cache/org.specs2/specs2-scalaz-core_2.9.1/ivy-6.0.1.xml" searched="false" origin-is-local="false" origin-location="http://repo1.maven.org/maven2/org/specs2/specs2-scalaz-core_2.9.1/6.0.1/specs2-scalaz-core_2.9.1-6.0.1.pom"/>
				<caller organisation="org.specs2" name="specs2_2.9.1" conf="default, compile, runtime, master" rev="6.0.1" rev-constraint-default="6.0.1" rev-constraint-dynamic="6.0.1" callerrev="1.12.2"/>
				<artifacts>
					<artifact name="specs2-scalaz-core_2.9.1" type="jar" ext="jar" status="no" details="" size="4639647" time="0" location="/Users/wickedwukong/.ivy2/cache/org.specs2/specs2-scalaz-core_2.9.1/jars/specs2-scalaz-core_2.9.1-6.0.1.jar">
						<origin-location is-local="false" location="http://repo1.maven.org/maven2/org/specs2/specs2-scalaz-core_2.9.1/6.0.1/specs2-scalaz-core_2.9.1-6.0.1.jar"/>
					</artifact>
				</artifacts>
			</revision>
		</module>
		<module organisation="org.scala-lang" name="scala-library">
			<revision name="2.9.1" status="release" pubdate="20110831093953" resolver="sbt-chain" artresolver="sbt-chain" homepage="http://www.scala-lang.org/" downloaded="false" searched="false" default="false" conf="default(compile), default, compile, master(*), compile(*), runtime, runtime(*), master" position="0">
				<license name="BSD-like" url="http://www.scala-lang.org/downloads/license.html          "/>
				<metadata-artifact status="no" details="" size="2322" time="0" location="/Users/wickedwukong/.ivy2/cache/org.scala-lang/scala-library/ivy-2.9.1.xml" searched="false" origin-is-local="false" origin-location="https://oss.sonatype.org/content/repositories/releases/org/scala-lang/scala-library/2.9.1/scala-library-2.9.1.pom"/>
				<caller organisation="org.specs2" name="specs2-scalaz-core_2.9.1" conf="compile, runtime" rev="2.9.1" rev-constraint-default="2.9.1" rev-constraint-dynamic="2.9.1" callerrev="6.0.1"/>
				<caller organisation="99scala" name="99scala_2.9.1" conf="test-internal, test, optional, compile, provided, runtime" rev="2.9.1" rev-constraint-default="2.9.1" rev-constraint-dynamic="2.9.1" callerrev="1.0"/>
				<artifacts>
				</artifacts>
			</revision>
		</module>
	</dependencies>
</ivy-report>
